2012-03-05 16:14:39.967+0000: Creating new db @ path\to\db\neostore
2012-03-05 16:14:40.338+0000: Opened [path\to\db\nioneo_logical.log.1] clean empty log, version=0, lastTxId=1
2012-03-05 16:14:40.366+0000: Opened [path\to\db\lucene/lucene.log.1] clean empty log, version=0, lastTxId=1
2012-03-05 16:19:36.348+0000: path\to\db\neostore non clean shutdown detected
2012-03-05 16:19:36.412+0000: path\to\db\neostore.relationshiptypestore.db non clean shutdown detected
2012-03-05 16:19:36.413+0000: path\to\db\neostore.relationshiptypestore.db.names non clean shutdown detected
2012-03-05 16:19:36.419+0000: path\to\db\neostore.propertystore.db non clean shutdown detected
2012-03-05 16:19:36.420+0000: path\to\db\neostore.propertystore.db.strings non clean shutdown detected
2012-03-05 16:19:36.423+0000: path\to\db\neostore.propertystore.db.index non clean shutdown detected
2012-03-05 16:19:36.423+0000: path\to\db\neostore.propertystore.db.index.keys non clean shutdown detected
2012-03-05 16:19:36.424+0000: path\to\db\neostore.propertystore.db.arrays non clean shutdown detected
2012-03-05 16:19:36.427+0000: path\to\db\neostore.relationshipstore.db non clean shutdown detected
2012-03-05 16:19:36.429+0000: path\to\db\neostore.nodestore.db non clean shutdown detected
2012-03-05 16:19:36.469+0000: Non clean shutdown detected on log [path\to\db\nioneo_logical.log.1]. Recovery started ...
2012-03-05 16:19:36.475+0000: [path\to\db\nioneo_logical.log.1] logVersion=0 with committed tx=1
2012-03-05 16:19:36.476+0000: [path\to\db\nioneo_logical.log.1] entries found=0 lastEntryPos=16
2012-03-05 16:19:36.476+0000: Internal recovery completed, scanned 0 log entries. Recovered 0 transactions. Last tx recovered: -1
2012-03-05 16:19:36.476+0000: XaResourceManager[path\to\db\nioneo_logical.log] sorting 0 xids
2012-03-05 16:19:36.479+0000: XaResourceManager[path\to\db\nioneo_logical.log] checkRecoveryComplete 0 xids
2012-03-05 16:19:36.528+0000: path\to\db\neostore.relationshiptypestore.db.names rebuild id generator, highId=1 defragged count=0
2012-03-05 16:19:36.546+0000: path\to\db\neostore.propertystore.db.index.keys rebuild id generator, highId=1 defragged count=0
2012-03-05 16:19:36.558+0000: path\to\db\neostore.propertystore.db.index rebuild id generator, highId=1 defragged count=0
2012-03-05 16:19:36.565+0000: path\to\db\neostore.propertystore.db.strings rebuild id generator, highId=1 defragged count=0
2012-03-05 16:19:36.573+0000: path\to\db\neostore.propertystore.db.arrays rebuild id generator, highId=1 defragged count=0
2012-03-05 16:19:36.581+0000: path\to\db\neostore.propertystore.db rebuild id generator, highId=1 defragged count=0
2012-03-05 16:19:36.590+0000: path\to\db\neostore.relationshipstore.db rebuild id generator, highId=1 defragged count=0
2012-03-05 16:19:36.599+0000: path\to\db\neostore.nodestore.db rebuild id generator, highId=1 defragged count=0
2012-03-05 16:19:36.608+0000: path\to\db\neostore rebuild id generator, highId=4 defragged count=0
2012-03-05 16:19:36.617+0000: XaResourceManager[path\to\db\nioneo_logical.log] recovery completed.
2012-03-05 16:19:36.617+0000: Recovery on log [path\to\db\nioneo_logical.log.1] completed.
2012-03-05 16:19:36.652+0000: Non clean shutdown detected on log [path\to\db\lucene/lucene.log.1]. Recovery started ...
2012-03-05 16:19:36.654+0000: [path\to\db\lucene/lucene.log.1] logVersion=0 with committed tx=1
2012-03-05 16:19:36.655+0000: [path\to\db\lucene/lucene.log.1] entries found=0 lastEntryPos=16
2012-03-05 16:19:36.655+0000: Internal recovery completed, scanned 0 log entries. Recovered 0 transactions. Last tx recovered: -1
2012-03-05 16:19:36.655+0000: XaResourceManager[path\to\db\lucene/lucene.log] sorting 0 xids
2012-03-05 16:19:36.656+0000: XaResourceManager[path\to\db\lucene/lucene.log] checkRecoveryComplete 0 xids
2012-03-05 16:19:36.656+0000: XaResourceManager[path\to\db\lucene/lucene.log] recovery completed.
2012-03-05 16:19:36.656+0000: Recovery on log [path\to\db\lucene/lucene.log.1] completed.
2012-03-05 16:39:57.855+0000: path\to\db\neostore non clean shutdown detected
2012-03-05 16:39:57.916+0000: path\to\db\neostore.relationshiptypestore.db non clean shutdown detected
2012-03-05 16:39:57.917+0000: path\to\db\neostore.relationshiptypestore.db.names non clean shutdown detected
2012-03-05 16:39:57.922+0000: path\to\db\neostore.propertystore.db non clean shutdown detected
2012-03-05 16:39:57.923+0000: path\to\db\neostore.propertystore.db.strings non clean shutdown detected
2012-03-05 16:39:57.925+0000: path\to\db\neostore.propertystore.db.index non clean shutdown detected
2012-03-05 16:39:57.926+0000: path\to\db\neostore.propertystore.db.index.keys non clean shutdown detected
2012-03-05 16:39:57.926+0000: path\to\db\neostore.propertystore.db.arrays non clean shutdown detected
2012-03-05 16:39:57.928+0000: path\to\db\neostore.relationshipstore.db non clean shutdown detected
2012-03-05 16:39:57.930+0000: path\to\db\neostore.nodestore.db non clean shutdown detected
2012-03-05 16:39:57.977+0000: Non clean shutdown detected on log [path\to\db\nioneo_logical.log.1]. Recovery started ...
2012-03-05 16:39:57.990+0000: [path\to\db\nioneo_logical.log.1] logVersion=0 with committed tx=1
2012-03-05 16:39:57.990+0000: [path\to\db\nioneo_logical.log.1] entries found=0 lastEntryPos=16
2012-03-05 16:39:57.992+0000: Internal recovery completed, scanned 0 log entries. Recovered 0 transactions. Last tx recovered: -1
2012-03-05 16:39:57.992+0000: XaResourceManager[path\to\db\nioneo_logical.log] sorting 0 xids
2012-03-05 16:39:57.994+0000: XaResourceManager[path\to\db\nioneo_logical.log] checkRecoveryComplete 0 xids
2012-03-05 16:39:58.002+0000: path\to\db\neostore.relationshiptypestore.db.names rebuild id generator, highId=1 defragged count=0
2012-03-05 16:39:58.018+0000: path\to\db\neostore.propertystore.db.index.keys rebuild id generator, highId=1 defragged count=0
2012-03-05 16:39:58.026+0000: path\to\db\neostore.propertystore.db.index rebuild id generator, highId=1 defragged count=0
2012-03-05 16:39:58.034+0000: path\to\db\neostore.propertystore.db.strings rebuild id generator, highId=1 defragged count=0
2012-03-05 16:39:58.043+0000: path\to\db\neostore.propertystore.db.arrays rebuild id generator, highId=1 defragged count=0
2012-03-05 16:39:58.053+0000: path\to\db\neostore.propertystore.db rebuild id generator, highId=1 defragged count=0
2012-03-05 16:39:58.061+0000: path\to\db\neostore.relationshipstore.db rebuild id generator, highId=1 defragged count=0
2012-03-05 16:39:58.072+0000: path\to\db\neostore.nodestore.db rebuild id generator, highId=1 defragged count=0
2012-03-05 16:39:58.094+0000: path\to\db\neostore rebuild id generator, highId=4 defragged count=0
2012-03-05 16:39:58.104+0000: XaResourceManager[path\to\db\nioneo_logical.log] recovery completed.
2012-03-05 16:39:58.105+0000: Recovery on log [path\to\db\nioneo_logical.log.1] completed.
2012-03-05 16:39:58.189+0000: Opened [C:\Users\Miriam Martin\workspace\HtmlUniitLogin\path\to\db\index\lucene.log.1] clean empty log, version=0, lastTxId=1
2012-03-05 16:39:58.199+0000: TM new log: tm_tx_log.1
2012-03-05 16:39:58.226+0000: --- CONFIGURATION START ---
2012-03-05 16:39:58.226+0000: Physical mem: 3996MB, Heap size: 247MB
2012-03-05 16:39:58.230+0000: Kernel version: Neo4j - Graph Database Kernel 1.5.M02
2012-03-05 16:39:58.231+0000: Neo4j - Graph Database Kernel 1.5.M02
2012-03-05 16:39:58.233+0000: Operating System: Windows 7; version: 6.1; arch: x86; cpus: 2
2012-03-05 16:39:58.233+0000: VM Name: Java HotSpot(TM) Client VM
2012-03-05 16:39:58.233+0000: VM Vendor: Oracle Corporation
2012-03-05 16:39:58.233+0000: VM Version: 21.0-b17
2012-03-05 16:39:58.234+0000: Boot Class Path: C:\Program Files (x86)\Java\jre7\lib\resources.jar;C:\Program Files (x86)\Java\jre7\lib\rt.jar;C:\Program Files (x86)\Java\jre7\lib\sunrsasign.jar;C:\Program Files (x86)\Java\jre7\lib\jsse.jar;C:\Program Files (x86)\Java\jre7\lib\jce.jar;C:\Program Files (x86)\Java\jre7\lib\charsets.jar;C:\Program Files (x86)\Java\jre7\classes
2012-03-05 16:39:58.234+0000: Class Path: C:\Users\Miriam Martin\workspace\HtmlUniitLogin\bin;C:\java\Utilities\htmlunit-2.9\lib\commons-codec-1.4.jar;C:\java\Utilities\htmlunit-2.9\lib\commons-collections-3.2.1.jar;C:\java\Utilities\htmlunit-2.9\lib\commons-io-2.0.1.jar;C:\java\Utilities\htmlunit-2.9\lib\commons-lang-2.6.jar;C:\java\Utilities\htmlunit-2.9\lib\commons-logging-1.1.1.jar;C:\java\Utilities\htmlunit-2.9\lib\cssparser-0.9.5.jar;C:\java\Utilities\htmlunit-2.9\lib\htmlunit-2.9.jar;C:\java\Utilities\htmlunit-2.9\lib\htmlunit-core-js-2.9.jar;C:\java\Utilities\htmlunit-2.9\lib\httpclient-4.1.2.jar;C:\java\Utilities\htmlunit-2.9\lib\httpcore-4.1.2.jar;C:\java\Utilities\htmlunit-2.9\lib\httpmime-4.1.2.jar;C:\java\Utilities\htmlunit-2.9\lib\nekohtml-1.9.15.jar;C:\java\Utilities\htmlunit-2.9\lib\sac-1.3.jar;C:\java\Utilities\htmlunit-2.9\lib\serializer-2.7.1.jar;C:\java\Utilities\htmlunit-2.9\lib\xalan-2.7.1.jar;C:\java\Utilities\htmlunit-2.9\lib\xercesImpl-2.9.1.jar;C:\java\Utilities\htmlunit-2.9\lib\xml-apis-1.3.04.jar;C:\java\Guice\guice-3.0\aopalliance.jar;C:\java\Guice\guice-3.0\guice-3.0.jar;C:\java\Guice\guice-3.0\guice-assistedinject-3.0.jar;C:\java\Guice\guice-3.0\guice-grapher-3.0.jar;C:\java\Guice\guice-3.0\guice-jmx-3.0.jar;C:\java\Guice\guice-3.0\guice-jndi-3.0.jar;C:\java\Guice\guice-3.0\guice-multibindings-3.0.jar;C:\java\Guice\guice-3.0\guice-persist-3.0.jar;C:\java\Guice\guice-3.0\guice-servlet-3.0.jar;C:\java\Guice\guice-3.0\guice-spring-3.0.jar;C:\java\Guice\guice-3.0\guice-struts2-plugin-3.0.jar;C:\java\Guice\guice-3.0\guice-throwingproviders-3.0.jar;C:\java\Guice\guice-3.0\javax.inject.jar;C:\java\Utilities\commons-math-2.2\commons-math-2.2.jar;C:\java\Utilities\jfreechart-1.0.14\lib\jcommon-1.0.17.jar;C:\java\Utilities\jfreechart-1.0.14\lib\jfreechart-1.0.14.jar;C:\java\mysql connector\mysql-connector-java-5.0.8-bin.jar;C:\java\Utilities\Joda Time\joda-time-2.1\joda-time-2.1.jar;C:\java\eclipse\eclipse\plugins\org.junit_4.8.2.v4_8_2_v20110321-1705\junit.jar;C:\java\eclipse\eclipse\plugins\org.hamcrest.core_1.1.0.v20090501071000.jar;C:\java\Neo4j\neo4j 1.5\lib\geronimo-jta_1.1_spec-1.1.1.jar;C:\java\Neo4j\neo4j 1.5\lib\lucene-core-3.1.0.jar;C:\java\Neo4j\neo4j 1.5\lib\neo4j-community-1.5.M02.jar;C:\java\Neo4j\neo4j 1.5\lib\neo4j-cypher-1.5.M02.jar;C:\java\Neo4j\neo4j 1.5\lib\neo4j-graph-algo-1.5.M02.jar;C:\java\Neo4j\neo4j 1.5\lib\neo4j-graph-matching-1.5.M02.jar;C:\java\Neo4j\neo4j 1.5\lib\neo4j-jmx-1.5.M02.jar;C:\java\Neo4j\neo4j 1.5\lib\neo4j-kernel-1.5.M02.jar;C:\java\Neo4j\neo4j 1.5\lib\neo4j-lucene-index-1.5.M02.jar;C:\java\Neo4j\neo4j 1.5\lib\neo4j-shell-1.5.M02.jar;C:\java\Neo4j\neo4j 1.5\lib\neo4j-udc-1.5.M02.jar;C:\java\Neo4j\neo4j 1.5\lib\org.apache.servicemix.bundles.jline-0.9.94_1.jar;C:\java\Neo4j\neo4j 1.5\lib\scala-library-2.9.0-1.jar;C:\java\Neo4j\neo4j 1.5\lib\server-api-1.5.M02.jar;C:\java\Neo4j\neo4j-utils-1.2-1.2.jar
2012-03-05 16:39:58.234+0000: Library Path: C:\Program Files (x86)\Java\jre7\bin;C:\windows\Sun\Java\bin;C:\windows\system32;C:\windows;C:/Program Files/Java/jre7/bin/client;C:/Program Files/Java/jre7/bin;C:/Program Files/Java/jre7/lib/i386;C:\java\Maven\apache-maven-3.0.3;C:\Program Files\Java\jre7\bin;C:\Program Files (x86)\Heroku;C:\Program Files (x86)\git\bin;C:\Program Files (x86)\git\cmd;C:\Ruby193\bin;C:\java\eclipse\eclipse;;.
2012-03-05 16:39:58.237+0000: Garbage Collector: Copy: [Eden Space, Survivor Space]
2012-03-05 16:39:58.237+0000: Garbage Collector: MarkSweepCompact: [Eden Space, Survivor Space, Tenured Gen, Perm Gen]
2012-03-05 16:39:58.238+0000: VM Arguments: [-Dfile.encoding=Cp1252]
2012-03-05 16:39:58.238+0000: 
2012-03-05 16:39:58.240+0000: create=true
2012-03-05 16:39:58.241+0000: logical_log=path\to\db\nioneo_logical.log
2012-03-05 16:39:58.242+0000: neo_store=path\to\db\neostore
2012-03-05 16:39:58.242+0000: neostore.nodestore.db.mapped_memory=20M
2012-03-05 16:39:58.242+0000: neostore.propertystore.db.arrays.mapped_memory=130M
2012-03-05 16:39:58.242+0000: neostore.propertystore.db.index.keys.mapped_memory=1M
2012-03-05 16:39:58.242+0000: neostore.propertystore.db.index.mapped_memory=1M
2012-03-05 16:39:58.242+0000: neostore.propertystore.db.mapped_memory=90M
2012-03-05 16:39:58.242+0000: neostore.propertystore.db.strings.mapped_memory=130M
2012-03-05 16:39:58.243+0000: neostore.relationshipstore.db.mapped_memory=100M
2012-03-05 16:39:58.243+0000: node_auto_indexing=false
2012-03-05 16:39:58.243+0000: rebuild_idgenerators_fast=true
2012-03-05 16:39:58.243+0000: relationship_auto_indexing=false
2012-03-05 16:39:58.243+0000: store_dir=path\to\db
2012-03-05 16:39:58.243+0000: use_memory_mapped_buffers=false
2012-03-05 16:39:58.243+0000: --- CONFIGURATION END ---
2012-03-05 16:39:58.354+0000: Extension org.neo4j.kernel.KernelExtension[kernel jmx] loaded ok
2012-03-05 16:39:58.355+0000: Extension org.neo4j.kernel.KernelExtension[shell] loaded ok
2012-03-05 16:39:58.358+0000: Extension org.neo4j.kernel.KernelExtension[kernel udc] loaded ok
